<html>
<head>
<title>TestNG:  Surefire test</title>
<link href="../testng.css" rel="stylesheet" type="text/css" />
<link href="../my-testng.css" rel="stylesheet" type="text/css" />

<style type="text/css">
.log { display: none;} 
.stack-trace { display: none;} 
</style>
<script type="text/javascript">
<!--
function flip(e) {
  current = e.style.display;
  if (current == 'block') {
    e.style.display = 'none';
    return 0;
  }
  else {
    e.style.display = 'block';
    return 1;
  }
}

function toggleBox(szDivId, elem, msg1, msg2)
{
  var res = -1;  if (document.getElementById) {
    res = flip(document.getElementById(szDivId));
  }
  else if (document.all) {
    // this is the way old msie versions work
    res = flip(document.all[szDivId]);
  }
  if(elem) {
    if(res == 0) elem.innerHTML = msg1; else elem.innerHTML = msg2;
  }

}

function toggleAllBoxes() {
  if (document.getElementsByTagName) {
    d = document.getElementsByTagName('div');
    for (i = 0; i < d.length; i++) {
      if (d[i].className == 'log') {
        flip(d[i]);
      }
    }
  }
}

// -->
</script>

</head>
<body>
<h2 align='center'>Surefire test</h2><table border='1' align="center">
<tr>
<td>Tests passed/Failed/Skipped:</td><td>7/1/0</td>
</tr><tr>
<td>Started on:</td><td>Wed May 05 16:13:52 IST 2021</td>
</tr>
<tr><td>Total time:</td><td>80 seconds (80111 ms)</td>
</tr><tr>
<td>Included groups:</td><td></td>
</tr><tr>
<td>Excluded groups:</td><td></td>
</tr>
</table><p/>
<small><i>(Hover the method name to see the test class name)</i></small><p/>
<table width='100%' border='1' class='invocation-failed'>
<tr><td colspan='4' align='center'><b>FAILED TESTS</b></td></tr>
<tr><td><b>Test method</b></td>
<td width="30%"><b>Exception</b></td>
<td width="10%"><b>Time (seconds)</b></td>
<td><b>Instance</b></td>
</tr>
<tr>
<td title='com.mts.tests.WebViewSwitchingTest.verifyContextSwitching()'><b>verifyContextSwitching</b><br>Test class: com.mts.tests.WebViewSwitchingTest</td>
<td><div><pre>org.testng.TestNGException: 
Parameter &apos;name&apos; is required by @Test on method verifyContextSwitching but has not been marked @Optional or defined

... Removed 29 stack frames</pre></div><a href='#' onClick='toggleBox("stack-trace691863815", this, "Click to show all stack frames", "Click to hide stack frames")'>Click to show all stack frames</a>
<div class='stack-trace' id='stack-trace691863815'><pre>org.testng.TestNGException: 
Parameter &apos;name&apos; is required by @Test on method verifyContextSwitching but has not been marked @Optional or defined

	at org.testng.internal.Parameters.createParams(Parameters.java:290)
	at org.testng.internal.Parameters.createParametersForMethod(Parameters.java:359)
	at org.testng.internal.Parameters.createParameters(Parameters.java:620)
	at org.testng.internal.Parameters.handleParameters(Parameters.java:769)
	at org.testng.internal.ParameterHandler.handleParameters(ParameterHandler.java:49)
	at org.testng.internal.ParameterHandler.createParameters(ParameterHandler.java:37)
	at org.testng.internal.Invoker.invokeTestMethods(Invoker.java:924)
	at org.testng.internal.TestMethodWorker.invokeTestMethods(TestMethodWorker.java:125)
	at org.testng.internal.TestMethodWorker.run(TestMethodWorker.java:109)
	at org.testng.TestRunner.privateRun(TestRunner.java:648)
	at org.testng.TestRunner.run(TestRunner.java:505)
	at org.testng.SuiteRunner.runTest(SuiteRunner.java:455)
	at org.testng.SuiteRunner.runSequentially(SuiteRunner.java:450)
	at org.testng.SuiteRunner.privateRun(SuiteRunner.java:415)
	at org.testng.SuiteRunner.run(SuiteRunner.java:364)
	at org.testng.SuiteRunnerWorker.runSuite(SuiteRunnerWorker.java:52)
	at org.testng.SuiteRunnerWorker.run(SuiteRunnerWorker.java:84)
	at org.testng.TestNG.runSuitesSequentially(TestNG.java:1208)
	at org.testng.TestNG.runSuitesLocally(TestNG.java:1137)
	at org.testng.TestNG.runSuites(TestNG.java:1049)
	at org.testng.TestNG.run(TestNG.java:1017)
	at org.apache.maven.surefire.testng.TestNGExecutor.run(TestNGExecutor.java:136)
	at org.apache.maven.surefire.testng.TestNGDirectoryTestSuite.executeMulti(TestNGDirectoryTestSuite.java:193)
	at org.apache.maven.surefire.testng.TestNGDirectoryTestSuite.execute(TestNGDirectoryTestSuite.java:94)
	at org.apache.maven.surefire.testng.TestNGProvider.invoke(TestNGProvider.java:145)
	at org.apache.maven.surefire.booter.ForkedBooter.runSuitesInProcess(ForkedBooter.java:428)
	at org.apache.maven.surefire.booter.ForkedBooter.execute(ForkedBooter.java:162)
	at org.apache.maven.surefire.booter.ForkedBooter.run(ForkedBooter.java:562)
	at org.apache.maven.surefire.booter.ForkedBooter.main(ForkedBooter.java:548)
</pre></div></td>
<td>0</td>
<td>com.mts.tests.WebViewSwitchingTest@2f686d1f</td></tr>
</table><p>
<table width='100%' border='1' class='invocation-passed'>
<tr><td colspan='4' align='center'><b>PASSED TESTS</b></td></tr>
<tr><td><b>Test method</b></td>
<td width="30%"><b>Exception</b></td>
<td width="10%"><b>Time (seconds)</b></td>
<td><b>Instance</b></td>
</tr>
<tr>
<td title='com.mts.tests.DummyTest.dummyTest1()'><b>dummyTest1</b><br>Test class: com.mts.tests.DummyTest</td>
<td></td>
<td>0</td>
<td>com.mts.tests.DummyTest@402a079c</td></tr>
<tr>
<td title='com.mts.tests.DummyTest.dummyTest2()'><b>dummyTest2</b><br>Test class: com.mts.tests.DummyTest</td>
<td></td>
<td>0</td>
<td>com.mts.tests.DummyTest@402a079c</td></tr>
<tr>
<td title='com.mts.tests.GeneralStoreTest.sampleTest1()'><b>sampleTest1</b><br>Test class: com.mts.tests.GeneralStoreTest<br>Parameters: Ajay, Male, Australia</td>
<td></td>
<td>11</td>
<td>com.mts.tests.GeneralStoreTest@59ec2012</td></tr>
<tr>
<td title='com.mts.tests.GeneralStoreTest.sampleTest1()'><b>sampleTest1</b><br>Test class: com.mts.tests.GeneralStoreTest<br>Parameters: Anu, Female, Algeria</td>
<td></td>
<td>8</td>
<td>com.mts.tests.GeneralStoreTest@59ec2012</td></tr>
<tr>
<td title='com.mts.tests.CartPageTest.verifyCartSum()'><b>verifyCartSum</b><br>Test class: com.mts.tests.CartPageTest</td>
<td></td>
<td>16</td>
<td>com.mts.tests.CartPageTest@6500df86</td></tr>
<tr>
<td title='com.mts.tests.ProductPageTest.verifyProductPageAddToCart()'><b>verifyProductPageAddToCart</b><br>Test class: com.mts.tests.ProductPageTest</td>
<td></td>
<td>13</td>
<td>com.mts.tests.ProductPageTest@4cf777e8</td></tr>
<tr>
<td title='com.mts.tests.CartPageTest.verifyTermsAndConditions()'><b>verifyTermsAndConditions</b><br>Test class: com.mts.tests.CartPageTest</td>
<td></td>
<td>21</td>
<td>com.mts.tests.CartPageTest@6500df86</td></tr>
</table><p>
</body>
</html>