<?xml version="1.0" encoding="UTF-8"?>
<!-- Generated by org.testng.reporters.JUnitXMLReporter -->
<testsuite hostname="Ajay3147361" ignored="13" name="Surefire test" tests="8" failures="1" timestamp="05 May 2021 10:45:12 GMT" time="80.111" errors="0">
  <testcase name="verifyCartSum" time="16.444" classname="com.mts.tests.CartPageTest"/>
  <testcase name="verifyTermsAndConditions" time="21.255" classname="com.mts.tests.CartPageTest"/>
  <testcase name="dummyTest1" time="0.0" classname="com.mts.tests.DummyTest"/>
  <testcase name="dummyTest2" time="0.0" classname="com.mts.tests.DummyTest"/>
  <testcase name="sampleTest1" time="11.692" classname="com.mts.tests.GeneralStoreTest"/>
  <testcase name="sampleTest1" time="8.092" classname="com.mts.tests.GeneralStoreTest"/>
  <testcase name="verifyProductPageAddToCart" time="13.018" classname="com.mts.tests.ProductPageTest"/>
  <testcase name="verifyContextSwitching" time="0.0" classname="com.mts.tests.WebViewSwitchingTest">
    <failure type="org.testng.TestNGException" message="
Parameter &amp;apos;name&amp;apos; is required by @Test on method verifyContextSwitching but has not been marked @Optional or defined
">
      <![CDATA[org.testng.TestNGException: 
Parameter 'name' is required by @Test on method verifyContextSwitching but has not been marked @Optional or defined

... Removed 29 stack frames]]>
    </failure>
  </testcase> <!-- verifyContextSwitching -->
  <testcase name="@BeforeSuite init" time="0.0" classname="com.mts.tests.BaseTest">
    <ignored/>
  </testcase> <!-- @BeforeSuite init -->
  <testcase name="@BeforeSuite init" time="0.0" classname="com.mts.tests.BaseTest">
    <ignored/>
  </testcase> <!-- @BeforeSuite init -->
  <testcase name="@BeforeSuite init" time="0.0" classname="com.mts.tests.BaseTest">
    <ignored/>
  </testcase> <!-- @BeforeSuite init -->
  <testcase name="@BeforeSuite init" time="0.0" classname="com.mts.tests.BaseTest">
    <ignored/>
  </testcase> <!-- @BeforeSuite init -->
  <testcase name="verifyFormFilUp" time="0.0" classname="com.mts.tests.GeneralStoreTest">
    <ignored/>
  </testcase> <!-- verifyFormFilUp -->
  <testcase name="@AfterSuite afterSuite" time="0.0" classname="com.mts.tests.BaseTest">
    <ignored/>
  </testcase> <!-- @AfterSuite afterSuite -->
  <testcase name="@AfterSuite afterSuite" time="0.0" classname="com.mts.tests.BaseTest">
    <ignored/>
  </testcase> <!-- @AfterSuite afterSuite -->
  <testcase name="@AfterSuite afterSuite" time="0.0" classname="com.mts.tests.BaseTest">
    <ignored/>
  </testcase> <!-- @AfterSuite afterSuite -->
  <testcase name="@AfterSuite afterSuite" time="0.0" classname="com.mts.tests.BaseTest">
    <ignored/>
  </testcase> <!-- @AfterSuite afterSuite -->
  <testcase name="dependsverifyContextSwitchingBack" time="0.0" classname="com.mts.tests.WebViewSwitchingTest">
    <ignored/>
  </testcase> <!-- dependsverifyContextSwitchingBack -->
  <testcase name="verifyProductPage" time="0.0" classname="com.mts.tests.ProductPageTest">
    <ignored/>
  </testcase> <!-- verifyProductPage -->
  <testcase name="averifyContextSwitchingBack" time="0.0" classname="com.mts.tests.WebViewSwitchingTest">
    <ignored/>
  </testcase> <!-- averifyContextSwitchingBack -->
  <testcase name="verifyIncompleteFormFillup" time="0.0" classname="com.mts.tests.GeneralStoreTest">
    <ignored/>
  </testcase> <!-- verifyIncompleteFormFillup -->
</testsuite> <!-- Surefire test -->
