-------------------------------------------------------------------------------
Test set: TestSuite
-------------------------------------------------------------------------------
Tests run: 8, Failures: 1, Errors: 0, Skipped: 0, Time elapsed: 90.104 s <<< FAILURE! - in TestSuite
com.mts.tests.WebViewSwitchingTest.verifyContextSwitching  Time elapsed: 15.098 s  <<< FAILURE!
org.testng.TestNGException: 

Parameter 'name' is required by @Test on method verifyContextSwitching but has not been marked @Optional or defined


